<?xml version="1.0" encoding="UTF-8" ?>
<testsuites name="vitest tests" tests="19" failures="2" errors="0" time="0.3408672">
    <testsuite name="tests/unit/learning/DynamicPatternLearner.test.js" timestamp="2025-09-02T01:17:04.497Z" hostname="Mini_IT13" tests="19" failures="2" errors="0" skipped="0" time="0.3408672">
        <testcase classname="tests/unit/learning/DynamicPatternLearner.test.js" name="DynamicPatternLearner &gt; constructor &gt; should initialize with default configuration" time="0.0132111">
            <system-out>
📁 Loaded 18 patterns from file

✅ Pattern database initialized with 18 patterns

📁 Loaded 18 patterns from file

✅ Pattern database initialized with 18 patterns

            </system-out>
        </testcase>
        <testcase classname="tests/unit/learning/DynamicPatternLearner.test.js" name="DynamicPatternLearner &gt; constructor &gt; should initialize with custom configuration" time="0.0075323">
            <system-out>
📁 Loaded 18 patterns from file

✅ Pattern database initialized with 18 patterns

            </system-out>
        </testcase>
        <testcase classname="tests/unit/learning/DynamicPatternLearner.test.js" name="DynamicPatternLearner &gt; learnFromSuccess &gt; should learn patterns from successful code" time="0.0116409">
            <system-out>
🧠 Learning from successful enhancement...

✅ Pattern database initialized with 1 patterns

✅ Pattern stored: pattern_1756775824131_6mkgdsqnk

✅ Pattern learned successfully: pattern_1756775824131_6mkgdsqnk

            </system-out>
            <system-err>
❌ Error loading patterns from file: Unexpected end of JSON input

            </system-err>
        </testcase>
        <testcase classname="tests/unit/learning/DynamicPatternLearner.test.js" name="DynamicPatternLearner &gt; learnFromSuccess &gt; should learn from multiple code examples" time="0.0145388">
            <system-out>
📁 Loaded 1 patterns from file

✅ Pattern database initialized with 1 patterns

🧠 Learning from successful enhancement...

✅ Pattern stored: pattern_1756775824147_jcb8ordv9

⚠️ Enhancement below learning threshold: 0.8

🧠 Learning from successful enhancement...

✅ Pattern stored: pattern_1756775824150_6n9xv49hk

⚠️ Enhancement below learning threshold: 0.8

            </system-out>
        </testcase>
        <testcase classname="tests/unit/learning/DynamicPatternLearner.test.js" name="DynamicPatternLearner &gt; learnFromSuccess &gt; should handle failed code examples" time="0.0097678">
            <system-out>
📁 Loaded 3 patterns from file

✅ Pattern database initialized with 3 patterns

🧠 Learning from successful enhancement...

✅ Pattern stored: pattern_1756775824159_3d6fgvb8n

⚠️ Enhancement below learning threshold: 0.3

            </system-out>
        </testcase>
        <testcase classname="tests/unit/learning/DynamicPatternLearner.test.js" name="DynamicPatternLearner &gt; learnFromSuccess &gt; should extract patterns from code structure" time="0.0060213">
            <system-out>
📁 Loaded 4 patterns from file

✅ Pattern database initialized with 4 patterns

🧠 Learning from successful enhancement...

✅ Pattern stored: pattern_1756775824167_dqlu1sts6

⚠️ Enhancement below learning threshold: 0.3

            </system-out>
        </testcase>
        <testcase classname="tests/unit/learning/DynamicPatternLearner.test.js" name="DynamicPatternLearner &gt; getPatternSuggestions &gt; should suggest patterns based on context" time="0.0103467">
            <system-out>
📁 Loaded 5 patterns from file

✅ Pattern database initialized with 5 patterns

🧠 Learning from successful enhancement...

✅ Pattern stored: pattern_1756775824174_7mxmq912y

⚠️ Enhancement below learning threshold: 0.8

            </system-out>
        </testcase>
        <testcase classname="tests/unit/learning/DynamicPatternLearner.test.js" name="DynamicPatternLearner &gt; getPatternSuggestions &gt; should rank suggestions by effectiveness" time="0.0082517">
            <system-out>
📁 Loaded 6 patterns from file

✅ Pattern database initialized with 6 patterns

🧠 Learning from successful enhancement...

✅ Pattern stored: pattern_1756775824183_erztoj99f

⚠️ Enhancement below learning threshold: 0.8

🧠 Learning from successful enhancement...

✅ Pattern stored: pattern_1756775824185_cc7cb8ykh

⚠️ Enhancement below learning threshold: 0.8

            </system-out>
        </testcase>
        <testcase classname="tests/unit/learning/DynamicPatternLearner.test.js" name="DynamicPatternLearner &gt; getPatternSuggestions &gt; should return empty array when no patterns match" time="0.0076601">
            <system-out>
📁 Loaded 8 patterns from file

✅ Pattern database initialized with 8 patterns

            </system-out>
        </testcase>
        <testcase classname="tests/unit/learning/DynamicPatternLearner.test.js" name="DynamicPatternLearner &gt; updatePatternEffectiveness &gt; should update pattern effectiveness based on feedback" time="0.0077089">
            <system-out>
📁 Loaded 8 patterns from file

✅ Pattern database initialized with 8 patterns

🧠 Learning from successful enhancement...

✅ Pattern stored: pattern_1756775824200_5hrryctr5

⚠️ Enhancement below learning threshold: 0.8

✅ Pattern updated: pattern_1756775824200_5hrryctr5

            </system-out>
        </testcase>
        <testcase classname="tests/unit/learning/DynamicPatternLearner.test.js" name="DynamicPatternLearner &gt; updatePatternEffectiveness &gt; should handle negative feedback" time="0.0120854">
            <system-out>
📁 Loaded 9 patterns from file

✅ Pattern database initialized with 9 patterns

🧠 Learning from successful enhancement...

✅ Pattern stored: pattern_1756775824210_xmgh8xdz8

⚠️ Enhancement below learning threshold: 0.8

✅ Pattern updated: pattern_1756775824210_xmgh8xdz8

            </system-out>
        </testcase>
        <testcase classname="tests/unit/learning/DynamicPatternLearner.test.js" name="DynamicPatternLearner &gt; getLearnedPatterns &gt; should return all learned patterns" time="0.0098645">
            <system-out>
📁 Loaded 10 patterns from file

✅ Pattern database initialized with 10 patterns

🧠 Learning from successful enhancement...

✅ Pattern stored: pattern_1756775824220_zin2o09iq

⚠️ Enhancement below learning threshold: 0.8

🧠 Learning from successful enhancement...

✅ Pattern stored: pattern_1756775824222_dw3aopr8l

⚠️ Enhancement below learning threshold: 0.8

            </system-out>
        </testcase>
        <testcase classname="tests/unit/learning/DynamicPatternLearner.test.js" name="DynamicPatternLearner &gt; getLearnedPatterns &gt; should filter patterns by criteria" time="0.0376666">
            <system-out>
📁 Loaded 12 patterns from file

✅ Pattern database initialized with 12 patterns

🧠 Learning from successful enhancement...

✅ Pattern stored: pattern_1756775824231_0xsc3usky

⚠️ Enhancement below learning threshold: 0.8

🧠 Learning from successful enhancement...

✅ Pattern stored: pattern_1756775824233_p44752kbr

⚠️ Enhancement below learning threshold: 0.8

📁 Loaded 14 patterns from file

✅ Pattern database initialized with 14 patterns

🧠 Learning from successful enhancement...

✅ Pattern stored: pattern_1756775824249_c1861b2xd

⚠️ Enhancement below learning threshold: 0.8

🧠 Learning from successful enhancement...

✅ Pattern stored: pattern_1756775824251_ahfunfg1j

⚠️ Enhancement below learning threshold: 0.8

📁 Loaded 16 patterns from file

✅ Pattern database initialized with 16 patterns

🧠 Learning from successful enhancement...

✅ Pattern stored: pattern_1756775824256_4wm30c290

⚠️ Enhancement below learning threshold: 0.8

🧠 Learning from successful enhancement...

✅ Pattern stored: pattern_1756775824260_auf64alcc

⚠️ Enhancement below learning threshold: 0.8

            </system-out>
            <failure message="expected false to be true // Object.is equality" type="AssertionError">
AssertionError: expected false to be true // Object.is equality

- Expected
+ Received

- true
+ false

 ❯ tests/unit/learning/DynamicPatternLearner.test.js:384:74
            </failure>
            <failure message="expected false to be true // Object.is equality" type="AssertionError">
AssertionError: expected false to be true // Object.is equality

- Expected
+ Received

- true
+ false

 ❯ tests/unit/learning/DynamicPatternLearner.test.js:384:74
            </failure>
            <failure message="expected false to be true // Object.is equality" type="AssertionError">
AssertionError: expected false to be true // Object.is equality

- Expected
+ Received

- true
+ false

 ❯ tests/unit/learning/DynamicPatternLearner.test.js:384:74
            </failure>
        </testcase>
        <testcase classname="tests/unit/learning/DynamicPatternLearner.test.js" name="DynamicPatternLearner &gt; exportPatterns &gt; should export patterns to file" time="0.0073394">
            <system-out>
📁 Loaded 18 patterns from file

✅ Pattern database initialized with 18 patterns

🧠 Learning from successful enhancement...

✅ Pattern stored: pattern_1756775824267_y18q0y8ic

⚠️ Enhancement below learning threshold: 0.8

            </system-out>
        </testcase>
        <testcase classname="tests/unit/learning/DynamicPatternLearner.test.js" name="DynamicPatternLearner &gt; importPatterns &gt; should import patterns from file" time="0.0077785">
            <system-out>
📁 Loaded 19 patterns from file

✅ Pattern database initialized with 19 patterns

📥 Importing 1 patterns...

✅ Import completed: 1 patterns imported

            </system-out>
        </testcase>
        <testcase classname="tests/unit/learning/DynamicPatternLearner.test.js" name="DynamicPatternLearner &gt; error handling &gt; should handle invalid code context" time="0.0031354">
            <system-out>
🧠 Learning from successful enhancement...

📁 Loaded 20 patterns from file

✅ Pattern database initialized with 20 patterns

            </system-out>
            <system-err>
❌ Error learning from success: Valid context object is required for learning

            </system-err>
        </testcase>
        <testcase classname="tests/unit/learning/DynamicPatternLearner.test.js" name="DynamicPatternLearner &gt; error handling &gt; should handle file system errors" time="0.0180426">
            <system-out>
🧠 Learning from successful enhancement...

✅ Pattern database initialized with 1 patterns

✅ Pattern stored: pattern_1756775824285_iak3z1v1g

⚠️ Enhancement below learning threshold: 0.8

🧠 Learning from successful enhancement...

✅ Pattern database initialized with 1 patterns

✅ Pattern stored: pattern_1756775824296_woax1pt77

⚠️ Enhancement below learning threshold: 0.8

🧠 Learning from successful enhancement...

✅ Pattern stored: pattern_1756775824300_d0mh2dyji

⚠️ Enhancement below learning threshold: 0.8

📁 Loaded 1 patterns from file

✅ Pattern database initialized with 1 patterns

            </system-out>
            <system-err>
❌ Error loading patterns from file: Unexpected end of JSON input

❌ Error loading patterns from file: Unexpected end of JSON input

            </system-err>
            <failure message="promise resolved &quot;{ success: true, …(3) }&quot; instead of rejecting" type="AssertionError">
AssertionError: promise resolved &quot;{ success: true, …(3) }&quot; instead of rejecting

- Expected
+ Received

- Error {
-   &quot;message&quot;: &quot;rejected promise&quot;,
+ {
+   &quot;effectiveness&quot;: 0.8,
+   &quot;extractedPatterns&quot;: [
+     {
+       &quot;category&quot;: &quot;function&quot;,
+       &quot;complexity&quot;: &quot;similar&quot;,
+       &quot;framework&quot;: &quot;vanilla&quot;,
+       &quot;language&quot;: &quot;javascript&quot;,
+       &quot;linesChanged&quot;: 0,
+       &quot;type&quot;: &quot;general&quot;,
+     },
+   ],
+   &quot;patternId&quot;: &quot;pattern_1756775824285_iak3z1v1g&quot;,
+   &quot;success&quot;: true,
  }

 ❯ tests/unit/learning/DynamicPatternLearner.test.js:488:9
            </failure>
            <failure message="promise resolved &quot;{ success: true, …(3) }&quot; instead of rejecting" type="AssertionError">
AssertionError: promise resolved &quot;{ success: true, …(3) }&quot; instead of rejecting

- Expected
+ Received

- Error {
-   &quot;message&quot;: &quot;rejected promise&quot;,
+ {
+   &quot;effectiveness&quot;: 0.8,
+   &quot;extractedPatterns&quot;: [
+     {
+       &quot;category&quot;: &quot;function&quot;,
+       &quot;complexity&quot;: &quot;similar&quot;,
+       &quot;framework&quot;: &quot;vanilla&quot;,
+       &quot;language&quot;: &quot;javascript&quot;,
+       &quot;linesChanged&quot;: 0,
+       &quot;type&quot;: &quot;general&quot;,
+     },
+   ],
+   &quot;patternId&quot;: &quot;pattern_1756775824296_woax1pt77&quot;,
+   &quot;success&quot;: true,
  }

 ❯ tests/unit/learning/DynamicPatternLearner.test.js:488:9
            </failure>
            <failure message="promise resolved &quot;{ success: true, …(3) }&quot; instead of rejecting" type="AssertionError">
AssertionError: promise resolved &quot;{ success: true, …(3) }&quot; instead of rejecting

- Expected
+ Received

- Error {
-   &quot;message&quot;: &quot;rejected promise&quot;,
+ {
+   &quot;effectiveness&quot;: 0.8,
+   &quot;extractedPatterns&quot;: [
+     {
+       &quot;category&quot;: &quot;function&quot;,
+       &quot;complexity&quot;: &quot;similar&quot;,
+       &quot;framework&quot;: &quot;vanilla&quot;,
+       &quot;language&quot;: &quot;javascript&quot;,
+       &quot;linesChanged&quot;: 0,
+       &quot;type&quot;: &quot;general&quot;,
+     },
+   ],
+   &quot;patternId&quot;: &quot;pattern_1756775824300_d0mh2dyji&quot;,
+   &quot;success&quot;: true,
  }

 ❯ tests/unit/learning/DynamicPatternLearner.test.js:488:9
            </failure>
        </testcase>
        <testcase classname="tests/unit/learning/DynamicPatternLearner.test.js" name="DynamicPatternLearner &gt; error handling &gt; should handle invalid feedback data" time="0.0022859">
            <system-out>
📁 Loaded 1 patterns from file

✅ Pattern database initialized with 1 patterns

            </system-out>
            <system-err>
❌ Error updating pattern effectiveness: Pattern ID is required for effectiveness update

            </system-err>
        </testcase>
        <testcase classname="tests/unit/learning/DynamicPatternLearner.test.js" name="DynamicPatternLearner &gt; performance &gt; should handle large numbers of patterns efficiently" time="0.1197489">
            <system-out>
📁 Loaded 1 patterns from file

✅ Pattern database initialized with 1 patterns

🧠 Learning from successful enhancement...

✅ Pattern stored: pattern_1756775824308_r0estszbi

⚠️ Enhancement below learning threshold: 0.8

🧠 Learning from successful enhancement...

✅ Pattern stored: pattern_1756775824310_jbni4jczk

⚠️ Enhancement below learning threshold: 0.8

🧠 Learning from successful enhancement...

✅ Pattern stored: pattern_1756775824312_56uj7g3hv

⚠️ Enhancement below learning threshold: 0.8

🧠 Learning from successful enhancement...

✅ Pattern stored: pattern_1756775824314_taxkitzfu

⚠️ Enhancement below learning threshold: 0.8

🧠 Learning from successful enhancement...

✅ Pattern stored: pattern_1756775824315_6be85q4qf

⚠️ Enhancement below learning threshold: 0.8

🧠 Learning from successful enhancement...

✅ Pattern stored: pattern_1756775824317_azpxz4hf9

⚠️ Enhancement below learning threshold: 0.8

🧠 Learning from successful enhancement...

✅ Pattern stored: pattern_1756775824321_izvp0yzcx

⚠️ Enhancement below learning threshold: 0.8

🧠 Learning from successful enhancement...

✅ Pattern stored: pattern_1756775824323_p608fk28s

⚠️ Enhancement below learning threshold: 0.8

🧠 Learning from successful enhancement...

✅ Pattern stored: pattern_1756775824326_31dpwsg9y

⚠️ Enhancement below learning threshold: 0.8

🧠 Learning from successful enhancement...

✅ Pattern stored: pattern_1756775824329_uh7jbl8ev

⚠️ Enhancement below learning threshold: 0.8

🧠 Learning from successful enhancement...

✅ Pattern stored: pattern_1756775824331_vlzi292cw

⚠️ Enhancement below learning threshold: 0.8

🧠 Learning from successful enhancement...

✅ Pattern stored: pattern_1756775824332_8ffl50p19

⚠️ Enhancement below learning threshold: 0.8

🧠 Learning from successful enhancement...

✅ Pattern stored: pattern_1756775824334_wuyzf83u3

⚠️ Enhancement below learning threshold: 0.8

🧠 Learning from successful enhancement...

✅ Pattern stored: pattern_1756775824335_qfvwa9bue

⚠️ Enhancement below learning threshold: 0.8

🧠 Learning from successful enhancement...

✅ Pattern stored: pattern_1756775824337_00y8gg6wj

⚠️ Enhancement below learning threshold: 0.8

🧠 Learning from successful enhancement...

✅ Pattern stored: pattern_1756775824338_usoh2hjyn

⚠️ Enhancement below learning threshold: 0.8

🧠 Learning from successful enhancement...

✅ Pattern stored: pattern_1756775824341_buqzpbv4g

⚠️ Enhancement below learning threshold: 0.8

🧠 Learning from successful enhancement...

✅ Pattern stored: pattern_1756775824345_0o0of09a1

⚠️ Enhancement below learning threshold: 0.8

🧠 Learning from successful enhancement...

✅ Pattern stored: pattern_1756775824347_pz0xqhakk

⚠️ Enhancement below learning threshold: 0.8

🧠 Learning from successful enhancement...

✅ Pattern stored: pattern_1756775824348_m3iwo1bo4

⚠️ Enhancement below learning threshold: 0.8

🧠 Learning from successful enhancement...

✅ Pattern stored: pattern_1756775824350_fmp2kfqb1

⚠️ Enhancement below learning threshold: 0.8

🧠 Learning from successful enhancement...

✅ Pattern stored: pattern_1756775824351_061jtn1fm

⚠️ Enhancement below learning threshold: 0.8

🧠 Learning from successful enhancement...

✅ Pattern stored: pattern_1756775824352_z1y5y0nn6

⚠️ Enhancement below learning threshold: 0.8

🧠 Learning from successful enhancement...

✅ Pattern stored: pattern_1756775824355_dd91l7vwb

⚠️ Enhancement below learning threshold: 0.8

🧠 Learning from successful enhancement...

✅ Pattern stored: pattern_1756775824357_usijug43o

⚠️ Enhancement below learning threshold: 0.8

🧠 Learning from successful enhancement...

✅ Pattern stored: pattern_1756775824359_638ief662

⚠️ Enhancement below learning threshold: 0.8

🧠 Learning from successful enhancement...

✅ Pattern stored: pattern_1756775824362_yma6j6n9w

⚠️ Enhancement below learning threshold: 0.8

🧠 Learning from successful enhancement...

✅ Pattern stored: pattern_1756775824364_ug4711xws

⚠️ Enhancement below learning threshold: 0.8

🧠 Learning from successful enhancement...

✅ Pattern stored: pattern_1756775824365_1lbsmkqv3

⚠️ Enhancement below learning threshold: 0.8

🧠 Learning from successful enhancement...

✅ Pattern stored: pattern_1756775824367_b1qhayb9l

⚠️ Enhancement below learning threshold: 0.8

🧠 Learning from successful enhancement...

✅ Pattern stored: pattern_1756775824368_bvmkadakn

⚠️ Enhancement below learning threshold: 0.8

🧠 Learning from successful enhancement...

✅ Pattern stored: pattern_1756775824369_nndftdt6v

⚠️ Enhancement below learning threshold: 0.8

🧠 Learning from successful enhancement...

✅ Pattern stored: pattern_1756775824371_b4kd9aylw

⚠️ Enhancement below learning threshold: 0.8

🧠 Learning from successful enhancement...

✅ Pattern stored: pattern_1756775824372_scy1kxug8

⚠️ Enhancement below learning threshold: 0.8

🧠 Learning from successful enhancement...

✅ Pattern stored: pattern_1756775824375_disijd7pj

⚠️ Enhancement below learning threshold: 0.8

🧠 Learning from successful enhancement...

✅ Pattern stored: pattern_1756775824377_r1vb0k6ho

⚠️ Enhancement below learning threshold: 0.8

🧠 Learning from successful enhancement...

✅ Pattern stored: pattern_1756775824380_86la4s2vs

⚠️ Enhancement below learning threshold: 0.8

🧠 Learning from successful enhancement...

✅ Pattern stored: pattern_1756775824381_6jdy1dd02

⚠️ Enhancement below learning threshold: 0.8

🧠 Learning from successful enhancement...

✅ Pattern stored: pattern_1756775824383_9y9k5g8cy

⚠️ Enhancement below learning threshold: 0.8

🧠 Learning from successful enhancement...

✅ Pattern stored: pattern_1756775824384_lutap5ccn

⚠️ Enhancement below learning threshold: 0.8

🧠 Learning from successful enhancement...

✅ Pattern stored: pattern_1756775824386_hck59lz43

⚠️ Enhancement below learning threshold: 0.8

🧠 Learning from successful enhancement...

✅ Pattern stored: pattern_1756775824388_wreg660nz

⚠️ Enhancement below learning threshold: 0.8

🧠 Learning from successful enhancement...

✅ Pattern stored: pattern_1756775824391_2t0ir7s91

⚠️ Enhancement below learning threshold: 0.8

🧠 Learning from successful enhancement...

✅ Pattern stored: pattern_1756775824396_6msyviv46

⚠️ Enhancement below learning threshold: 0.8

🧠 Learning from successful enhancement...

✅ Pattern stored: pattern_1756775824399_6l46efbhn

⚠️ Enhancement below learning threshold: 0.8

🧠 Learning from successful enhancement...

✅ Pattern stored: pattern_1756775824400_omc6x8ab5

⚠️ Enhancement below learning threshold: 0.8

🧠 Learning from successful enhancement...

✅ Pattern stored: pattern_1756775824402_xz83b5zii

⚠️ Enhancement below learning threshold: 0.8

🧠 Learning from successful enhancement...

✅ Pattern stored: pattern_1756775824404_azt3dkmrh

⚠️ Enhancement below learning threshold: 0.8

🧠 Learning from successful enhancement...

✅ Pattern stored: pattern_1756775824407_pr9of6t52

⚠️ Enhancement below learning threshold: 0.8

🧠 Learning from successful enhancement...

✅ Pattern stored: pattern_1756775824413_1gt7zikz2

⚠️ Enhancement below learning threshold: 0.8

            </system-out>
        </testcase>
    </testsuite>
</testsuites>
