<?xml version="1.0" encoding="UTF-8" ?>
<testsuites name="vitest tests" tests="19" failures="8" errors="0" time="1.637">
    <testsuite name="tests/unit/learning/DynamicPatternLearner.test.js" timestamp="2025-09-01T23:58:01.117Z" hostname="Mini_IT13" tests="19" failures="8" errors="0" skipped="0" time="0.5693148">
        <testcase classname="tests/unit/learning/DynamicPatternLearner.test.js" name="DynamicPatternLearner &gt; constructor &gt; should initialize with default configuration" time="0.0097452">
            <system-out>
📁 Loaded 51 patterns from file
✅ Pattern database initialized with 51 patterns
📁 Loaded 51 patterns from file
✅ Pattern database initialized with 51 patterns

            </system-out>
        </testcase>
        <testcase classname="tests/unit/learning/DynamicPatternLearner.test.js" name="DynamicPatternLearner &gt; constructor &gt; should initialize with custom configuration" time="0.0083526">
            <system-out>
📁 Loaded 51 patterns from file
✅ Pattern database initialized with 51 patterns

            </system-out>
        </testcase>
        <testcase classname="tests/unit/learning/DynamicPatternLearner.test.js" name="DynamicPatternLearner &gt; learnFromSuccess &gt; should learn patterns from successful code" time="0.0126455">
            <system-out>
🧠 Learning from successful enhancement...

✅ Pattern stored: pattern_1756771080481_2cos2y3w5
✅ Pattern learned successfully: pattern_1756771080481_2cos2y3w5

✅ Pattern database initialized with 1 patterns

            </system-out>
            <system-err>
❌ Error loading patterns from file: Unexpected end of JSON input

            </system-err>
        </testcase>
        <testcase classname="tests/unit/learning/DynamicPatternLearner.test.js" name="DynamicPatternLearner &gt; learnFromSuccess &gt; should learn from multiple code examples" time="0.0093597">
            <system-out>
📁 Loaded 1 patterns from file
✅ Pattern database initialized with 1 patterns
🧠 Learning from successful enhancement...

✅ Pattern stored: pattern_1756771080494_w8umc44dk
⚠️ Enhancement below learning threshold: 0.8

🧠 Learning from successful enhancement...

✅ Pattern stored: pattern_1756771080497_userfitls
⚠️ Enhancement below learning threshold: 0.8

            </system-out>
        </testcase>
        <testcase classname="tests/unit/learning/DynamicPatternLearner.test.js" name="DynamicPatternLearner &gt; learnFromSuccess &gt; should handle failed code examples" time="0.0082293">
            <system-out>
📁 Loaded 3 patterns from file
✅ Pattern database initialized with 3 patterns
🧠 Learning from successful enhancement...

✅ Pattern stored: pattern_1756771080503_im14y8i9e
⚠️ Enhancement below learning threshold: 0.3

            </system-out>
        </testcase>
        <testcase classname="tests/unit/learning/DynamicPatternLearner.test.js" name="DynamicPatternLearner &gt; learnFromSuccess &gt; should extract patterns from code structure" time="0.0079453">
            <system-out>
📁 Loaded 4 patterns from file
✅ Pattern database initialized with 4 patterns
🧠 Learning from successful enhancement...

✅ Pattern stored: pattern_1756771080513_zinxl597h
⚠️ Enhancement below learning threshold: 0.3

            </system-out>
        </testcase>
        <testcase classname="tests/unit/learning/DynamicPatternLearner.test.js" name="DynamicPatternLearner &gt; getPatternSuggestions &gt; should suggest patterns based on context" time="0.0523965">
            <system-out>
📁 Loaded 5 patterns from file
✅ Pattern database initialized with 5 patterns

🧠 Learning from successful enhancement...

✅ Pattern stored: pattern_1756771080523_iifg4uods
⚠️ Enhancement below learning threshold: 0.8

📁 Loaded 6 patterns from file
✅ Pattern database initialized with 6 patterns
🧠 Learning from successful enhancement...

✅ Pattern stored: pattern_1756771080551_9kjjh2o88
⚠️ Enhancement below learning threshold: 0.8

📁 Loaded 7 patterns from file
✅ Pattern database initialized with 7 patterns
🧠 Learning from successful enhancement...

✅ Pattern stored: pattern_1756771080564_kp1f40aim
⚠️ Enhancement below learning threshold: 0.8

            </system-out>
            <failure message="expected 0 to be greater than 0" type="AssertionError">
AssertionError: expected 0 to be greater than 0
 ❯ tests/unit/learning/DynamicPatternLearner.test.js:217:34
            </failure>
            <failure message="expected 0 to be greater than 0" type="AssertionError">
AssertionError: expected 0 to be greater than 0
 ❯ tests/unit/learning/DynamicPatternLearner.test.js:217:34
            </failure>
            <failure message="expected 0 to be greater than 0" type="AssertionError">
AssertionError: expected 0 to be greater than 0
 ❯ tests/unit/learning/DynamicPatternLearner.test.js:217:34
            </failure>
        </testcase>
        <testcase classname="tests/unit/learning/DynamicPatternLearner.test.js" name="DynamicPatternLearner &gt; getPatternSuggestions &gt; should rank suggestions by effectiveness" time="0.0426453">
            <system-out>
📁 Loaded 8 patterns from file
✅ Pattern database initialized with 8 patterns
🧠 Learning from successful enhancement...

✅ Pattern stored: pattern_1756771080577_hg87o782n
⚠️ Enhancement below learning threshold: 0.8

🧠 Learning from successful enhancement...

✅ Pattern stored: pattern_1756771080580_lqgexgz9l
⚠️ Enhancement below learning threshold: 0.8

📁 Loaded 10 patterns from file
✅ Pattern database initialized with 10 patterns
🧠 Learning from successful enhancement...

✅ Pattern stored: pattern_1756771080591_dwk76rh0a
⚠️ Enhancement below learning threshold: 0.8

🧠 Learning from successful enhancement...

✅ Pattern stored: pattern_1756771080594_x1omeqhjx
⚠️ Enhancement below learning threshold: 0.8

📁 Loaded 12 patterns from file
✅ Pattern database initialized with 12 patterns
🧠 Learning from successful enhancement...

✅ Pattern stored: pattern_1756771080602_cnvs52q0n
⚠️ Enhancement below learning threshold: 0.8

🧠 Learning from successful enhancement...

✅ Pattern stored: pattern_1756771080606_6oaorucms
⚠️ Enhancement below learning threshold: 0.8

            </system-out>
            <failure message="expected 0 to be greater than 1" type="AssertionError">
AssertionError: expected 0 to be greater than 1
 ❯ tests/unit/learning/DynamicPatternLearner.test.js:251:34
            </failure>
            <failure message="expected 0 to be greater than 1" type="AssertionError">
AssertionError: expected 0 to be greater than 1
 ❯ tests/unit/learning/DynamicPatternLearner.test.js:251:34
            </failure>
            <failure message="expected 0 to be greater than 1" type="AssertionError">
AssertionError: expected 0 to be greater than 1
 ❯ tests/unit/learning/DynamicPatternLearner.test.js:251:34
            </failure>
        </testcase>
        <testcase classname="tests/unit/learning/DynamicPatternLearner.test.js" name="DynamicPatternLearner &gt; getPatternSuggestions &gt; should return empty array when no patterns match" time="0.0028646">
            <system-out>
📁 Loaded 14 patterns from file
✅ Pattern database initialized with 14 patterns

            </system-out>
        </testcase>
        <testcase classname="tests/unit/learning/DynamicPatternLearner.test.js" name="DynamicPatternLearner &gt; updatePatternEffectiveness &gt; should update pattern effectiveness based on feedback" time="0.0439438">
            <system-out>
📁 Loaded 14 patterns from file
✅ Pattern database initialized with 14 patterns

🧠 Learning from successful enhancement...

✅ Pattern stored: pattern_1756771080623_1fptfaqxr
⚠️ Enhancement below learning threshold: 0.8

✅ Pattern updated: pattern_1756771080623_1fptfaqxr

📁 Loaded 15 patterns from file
✅ Pattern database initialized with 15 patterns
🧠 Learning from successful enhancement...

✅ Pattern stored: pattern_1756771080634_fz9g11yl4
⚠️ Enhancement below learning threshold: 0.8

✅ Pattern updated: pattern_1756771080634_fz9g11yl4

📁 Loaded 16 patterns from file
✅ Pattern database initialized with 16 patterns
🧠 Learning from successful enhancement...

✅ Pattern stored: pattern_1756771080650_b1dupl5rr
⚠️ Enhancement below learning threshold: 0.8

✅ Pattern updated: pattern_1756771080650_b1dupl5rr

            </system-out>
            <failure message="expected 0.8 to be greater than 0.8" type="AssertionError">
AssertionError: expected 0.8 to be greater than 0.8
 ❯ tests/unit/learning/DynamicPatternLearner.test.js:293:45
            </failure>
            <failure message="expected 0.8 to be greater than 0.8" type="AssertionError">
AssertionError: expected 0.8 to be greater than 0.8
 ❯ tests/unit/learning/DynamicPatternLearner.test.js:293:45
            </failure>
            <failure message="expected 0.8 to be greater than 0.8" type="AssertionError">
AssertionError: expected 0.8 to be greater than 0.8
 ❯ tests/unit/learning/DynamicPatternLearner.test.js:293:45
            </failure>
        </testcase>
        <testcase classname="tests/unit/learning/DynamicPatternLearner.test.js" name="DynamicPatternLearner &gt; updatePatternEffectiveness &gt; should handle negative feedback" time="0.0337268">
            <system-out>
📁 Loaded 17 patterns from file
✅ Pattern database initialized with 17 patterns
🧠 Learning from successful enhancement...

✅ Pattern stored: pattern_1756771080664_c1zj3tf9k
⚠️ Enhancement below learning threshold: 0.8

✅ Pattern updated: pattern_1756771080664_c1zj3tf9k

📁 Loaded 18 patterns from file
✅ Pattern database initialized with 18 patterns

🧠 Learning from successful enhancement...

✅ Pattern stored: pattern_1756771080676_3hr0stltc
⚠️ Enhancement below learning threshold: 0.8

✅ Pattern updated: pattern_1756771080676_3hr0stltc

📁 Loaded 19 patterns from file
✅ Pattern database initialized with 19 patterns
🧠 Learning from successful enhancement...

✅ Pattern stored: pattern_1756771080685_c845cm5me
⚠️ Enhancement below learning threshold: 0.8

✅ Pattern updated: pattern_1756771080685_c845cm5me

            </system-out>
            <failure message="expected 0.8 to be less than 0.8" type="AssertionError">
AssertionError: expected 0.8 to be less than 0.8
 ❯ tests/unit/learning/DynamicPatternLearner.test.js:321:45
            </failure>
            <failure message="expected 0.8 to be less than 0.8" type="AssertionError">
AssertionError: expected 0.8 to be less than 0.8
 ❯ tests/unit/learning/DynamicPatternLearner.test.js:321:45
            </failure>
            <failure message="expected 0.8 to be less than 0.8" type="AssertionError">
AssertionError: expected 0.8 to be less than 0.8
 ❯ tests/unit/learning/DynamicPatternLearner.test.js:321:45
            </failure>
        </testcase>
        <testcase classname="tests/unit/learning/DynamicPatternLearner.test.js" name="DynamicPatternLearner &gt; getLearnedPatterns &gt; should return all learned patterns" time="0.0087297">
            <system-out>
📁 Loaded 20 patterns from file
✅ Pattern database initialized with 20 patterns
🧠 Learning from successful enhancement...

✅ Pattern stored: pattern_1756771080698_fp1lfgucx
⚠️ Enhancement below learning threshold: 0.8

🧠 Learning from successful enhancement...
✅ Pattern stored: pattern_1756771080700_3sdx3ush0
⚠️ Enhancement below learning threshold: 0.8

            </system-out>
        </testcase>
        <testcase classname="tests/unit/learning/DynamicPatternLearner.test.js" name="DynamicPatternLearner &gt; getLearnedPatterns &gt; should filter patterns by criteria" time="0.0291699">
            <system-out>
📁 Loaded 22 patterns from file
✅ Pattern database initialized with 22 patterns
🧠 Learning from successful enhancement...

✅ Pattern stored: pattern_1756771080709_4epuhh9h1
⚠️ Enhancement below learning threshold: 0.8

🧠 Learning from successful enhancement...

✅ Pattern stored: pattern_1756771080711_5qz2rxa8h
⚠️ Enhancement below learning threshold: 0.8

📁 Loaded 24 patterns from file
✅ Pattern database initialized with 24 patterns
🧠 Learning from successful enhancement...

✅ Pattern stored: pattern_1756771080716_t1yc3f38m
⚠️ Enhancement below learning threshold: 0.8
🧠 Learning from successful enhancement...

✅ Pattern stored: pattern_1756771080717_hpjx91yhu
⚠️ Enhancement below learning threshold: 0.8

📁 Loaded 26 patterns from file
✅ Pattern database initialized with 26 patterns
🧠 Learning from successful enhancement...

✅ Pattern stored: pattern_1756771080728_anfzvw341
⚠️ Enhancement below learning threshold: 0.8
🧠 Learning from successful enhancement...

✅ Pattern stored: pattern_1756771080730_gyjobbxio
⚠️ Enhancement below learning threshold: 0.8

            </system-out>
            <failure message="expected 0 to be greater than 0" type="AssertionError">
AssertionError: expected 0 to be greater than 0
 ❯ tests/unit/learning/DynamicPatternLearner.test.js:383:33
            </failure>
            <failure message="expected 0 to be greater than 0" type="AssertionError">
AssertionError: expected 0 to be greater than 0
 ❯ tests/unit/learning/DynamicPatternLearner.test.js:383:33
            </failure>
            <failure message="expected 0 to be greater than 0" type="AssertionError">
AssertionError: expected 0 to be greater than 0
 ❯ tests/unit/learning/DynamicPatternLearner.test.js:383:33
            </failure>
        </testcase>
        <testcase classname="tests/unit/learning/DynamicPatternLearner.test.js" name="DynamicPatternLearner &gt; exportPatterns &gt; should export patterns to file" time="0.0120703">
            <system-out>
📁 Loaded 28 patterns from file
✅ Pattern database initialized with 28 patterns

🧠 Learning from successful enhancement...

✅ Pattern stored: pattern_1756771080738_536g7vcgf
⚠️ Enhancement below learning threshold: 0.8

            </system-out>
        </testcase>
        <testcase classname="tests/unit/learning/DynamicPatternLearner.test.js" name="DynamicPatternLearner &gt; importPatterns &gt; should import patterns from file" time="0.0207508">
            <system-out>
📁 Loaded 29 patterns from file
✅ Pattern database initialized with 29 patterns

📥 Importing 94 patterns...

✅ Import completed: 0 patterns imported

📁 Loaded 29 patterns from file
✅ Pattern database initialized with 29 patterns
📥 Importing 94 patterns...

✅ Import completed: 0 patterns imported

📁 Loaded 29 patterns from file
✅ Pattern database initialized with 29 patterns
📥 Importing 94 patterns...
✅ Import completed: 0 patterns imported

            </system-out>
            <failure message="expected +0 to be 1 // Object.is equality" type="AssertionError">
AssertionError: expected +0 to be 1 // Object.is equality

- Expected
+ Received

- 1
+ 0

 ❯ tests/unit/learning/DynamicPatternLearner.test.js:445:36
            </failure>
            <failure message="expected +0 to be 1 // Object.is equality" type="AssertionError">
AssertionError: expected +0 to be 1 // Object.is equality

- Expected
+ Received

- 1
+ 0

 ❯ tests/unit/learning/DynamicPatternLearner.test.js:445:36
            </failure>
            <failure message="expected +0 to be 1 // Object.is equality" type="AssertionError">
AssertionError: expected +0 to be 1 // Object.is equality

- Expected
+ Received

- 1
+ 0

 ❯ tests/unit/learning/DynamicPatternLearner.test.js:445:36
            </failure>
        </testcase>
        <testcase classname="tests/unit/learning/DynamicPatternLearner.test.js" name="DynamicPatternLearner &gt; error handling &gt; should handle invalid code context" time="0.0260416">
            <system-out>
🧠 Learning from successful enhancement...

✅ Pattern database initialized with 1 patterns
✅ Pattern stored: pattern_1756771080771_99t3ddiqi
⚠️ Enhancement below learning threshold: 0.8

🧠 Learning from successful enhancement...

✅ Pattern stored: pattern_1756771080782_uj72st0oa
⚠️ Enhancement below learning threshold: 0.8
✅ Pattern database initialized with 1 patterns

🧠 Learning from successful enhancement...

✅ Pattern database initialized with 1 patterns
✅ Pattern stored: pattern_1756771080788_g11ro5zik
⚠️ Enhancement below learning threshold: 0.8

            </system-out>
            <system-err>
❌ Error loading patterns from file: Unexpected end of JSON input

❌ Error loading patterns from file: Unexpected end of JSON input

❌ Error loading patterns from file: Unexpected end of JSON input

            </system-err>
            <failure message="promise resolved &quot;{ success: true, …(3) }&quot; instead of rejecting" type="AssertionError">
AssertionError: promise resolved &quot;{ success: true, …(3) }&quot; instead of rejecting

- Expected
+ Received

- [Error: rejected promise]
+ Object {
+   &quot;effectiveness&quot;: 0.8,
+   &quot;extractedPatterns&quot;: Array [
+     Object {
+       &quot;category&quot;: &quot;function&quot;,
+       &quot;complexity&quot;: &quot;similar&quot;,
+       &quot;framework&quot;: &quot;vanilla&quot;,
+       &quot;language&quot;: &quot;javascript&quot;,
+       &quot;linesChanged&quot;: 0,
+       &quot;type&quot;: &quot;general&quot;,
+     },
+   ],
+   &quot;patternId&quot;: &quot;pattern_1756771080771_99t3ddiqi&quot;,
+   &quot;success&quot;: true,
+ }

 ❯ tests/unit/learning/DynamicPatternLearner.test.js:461:9
            </failure>
            <failure message="promise resolved &quot;{ success: true, …(3) }&quot; instead of rejecting" type="AssertionError">
AssertionError: promise resolved &quot;{ success: true, …(3) }&quot; instead of rejecting

- Expected
+ Received

- [Error: rejected promise]
+ Object {
+   &quot;effectiveness&quot;: 0.8,
+   &quot;extractedPatterns&quot;: Array [
+     Object {
+       &quot;category&quot;: &quot;function&quot;,
+       &quot;complexity&quot;: &quot;similar&quot;,
+       &quot;framework&quot;: &quot;vanilla&quot;,
+       &quot;language&quot;: &quot;javascript&quot;,
+       &quot;linesChanged&quot;: 0,
+       &quot;type&quot;: &quot;general&quot;,
+     },
+   ],
+   &quot;patternId&quot;: &quot;pattern_1756771080782_uj72st0oa&quot;,
+   &quot;success&quot;: true,
+ }

 ❯ tests/unit/learning/DynamicPatternLearner.test.js:461:9
            </failure>
            <failure message="promise resolved &quot;{ success: true, …(3) }&quot; instead of rejecting" type="AssertionError">
AssertionError: promise resolved &quot;{ success: true, …(3) }&quot; instead of rejecting

- Expected
+ Received

- [Error: rejected promise]
+ Object {
+   &quot;effectiveness&quot;: 0.8,
+   &quot;extractedPatterns&quot;: Array [
+     Object {
+       &quot;category&quot;: &quot;function&quot;,
+       &quot;complexity&quot;: &quot;similar&quot;,
+       &quot;framework&quot;: &quot;vanilla&quot;,
+       &quot;language&quot;: &quot;javascript&quot;,
+       &quot;linesChanged&quot;: 0,
+       &quot;type&quot;: &quot;general&quot;,
+     },
+   ],
+   &quot;patternId&quot;: &quot;pattern_1756771080788_g11ro5zik&quot;,
+   &quot;success&quot;: true,
+ }

 ❯ tests/unit/learning/DynamicPatternLearner.test.js:461:9
            </failure>
        </testcase>
        <testcase classname="tests/unit/learning/DynamicPatternLearner.test.js" name="DynamicPatternLearner &gt; error handling &gt; should handle file system errors" time="0.0206152">
            <system-out>
🧠 Learning from successful enhancement...

✅ Pattern database initialized with 1 patterns
✅ Pattern stored: pattern_1756771080796_nqio05ots
⚠️ Enhancement below learning threshold: 0.8

🧠 Learning from successful enhancement...

✅ Pattern database initialized with 1 patterns
✅ Pattern stored: pattern_1756771080801_5godqw3v8
⚠️ Enhancement below learning threshold: 0.8

🧠 Learning from successful enhancement...

✅ Pattern database initialized with 1 patterns
✅ Pattern stored: pattern_1756771080811_3anfcs5vm
⚠️ Enhancement below learning threshold: 0.8

            </system-out>
            <system-err>
❌ Error loading patterns from file: Unexpected end of JSON input

❌ Error loading patterns from file: Unexpected end of JSON input

❌ Error loading patterns from file: Unexpected end of JSON input

            </system-err>
            <failure message="promise resolved &quot;{ success: true, …(3) }&quot; instead of rejecting" type="AssertionError">
AssertionError: promise resolved &quot;{ success: true, …(3) }&quot; instead of rejecting

- Expected
+ Received

- [Error: rejected promise]
+ Object {
+   &quot;effectiveness&quot;: 0.8,
+   &quot;extractedPatterns&quot;: Array [
+     Object {
+       &quot;category&quot;: &quot;function&quot;,
+       &quot;complexity&quot;: &quot;similar&quot;,
+       &quot;framework&quot;: &quot;vanilla&quot;,
+       &quot;language&quot;: &quot;javascript&quot;,
+       &quot;linesChanged&quot;: 0,
+       &quot;type&quot;: &quot;general&quot;,
+     },
+   ],
+   &quot;patternId&quot;: &quot;pattern_1756771080796_nqio05ots&quot;,
+   &quot;success&quot;: true,
+ }

 ❯ tests/unit/learning/DynamicPatternLearner.test.js:474:9
            </failure>
            <failure message="promise resolved &quot;{ success: true, …(3) }&quot; instead of rejecting" type="AssertionError">
AssertionError: promise resolved &quot;{ success: true, …(3) }&quot; instead of rejecting

- Expected
+ Received

- [Error: rejected promise]
+ Object {
+   &quot;effectiveness&quot;: 0.8,
+   &quot;extractedPatterns&quot;: Array [
+     Object {
+       &quot;category&quot;: &quot;function&quot;,
+       &quot;complexity&quot;: &quot;similar&quot;,
+       &quot;framework&quot;: &quot;vanilla&quot;,
+       &quot;language&quot;: &quot;javascript&quot;,
+       &quot;linesChanged&quot;: 0,
+       &quot;type&quot;: &quot;general&quot;,
+     },
+   ],
+   &quot;patternId&quot;: &quot;pattern_1756771080801_5godqw3v8&quot;,
+   &quot;success&quot;: true,
+ }

 ❯ tests/unit/learning/DynamicPatternLearner.test.js:474:9
            </failure>
            <failure message="promise resolved &quot;{ success: true, …(3) }&quot; instead of rejecting" type="AssertionError">
AssertionError: promise resolved &quot;{ success: true, …(3) }&quot; instead of rejecting

- Expected
+ Received

- [Error: rejected promise]
+ Object {
+   &quot;effectiveness&quot;: 0.8,
+   &quot;extractedPatterns&quot;: Array [
+     Object {
+       &quot;category&quot;: &quot;function&quot;,
+       &quot;complexity&quot;: &quot;similar&quot;,
+       &quot;framework&quot;: &quot;vanilla&quot;,
+       &quot;language&quot;: &quot;javascript&quot;,
+       &quot;linesChanged&quot;: 0,
+       &quot;type&quot;: &quot;general&quot;,
+     },
+   ],
+   &quot;patternId&quot;: &quot;pattern_1756771080811_3anfcs5vm&quot;,
+   &quot;success&quot;: true,
+ }

 ❯ tests/unit/learning/DynamicPatternLearner.test.js:474:9
            </failure>
        </testcase>
        <testcase classname="tests/unit/learning/DynamicPatternLearner.test.js" name="DynamicPatternLearner &gt; error handling &gt; should handle invalid feedback data" time="0.0079123">
            <system-out>
📁 Loaded 1 patterns from file
✅ Pattern database initialized with 1 patterns

            </system-out>
            <system-err>
❌ Error updating pattern effectiveness: Pattern ID is required for effectiveness update

            </system-err>
        </testcase>
        <testcase classname="tests/unit/learning/DynamicPatternLearner.test.js" name="DynamicPatternLearner &gt; performance &gt; should handle large numbers of patterns efficiently" time="0.1868268">
            <system-out>
📁 Loaded 1 patterns from file
✅ Pattern database initialized with 1 patterns
🧠 Learning from successful enhancement...

✅ Pattern stored: pattern_1756771080829_0drufk7n2
⚠️ Enhancement below learning threshold: 0.8
🧠 Learning from successful enhancement...
✅ Pattern stored: pattern_1756771080831_w5nbtdb0q
⚠️ Enhancement below learning threshold: 0.8

🧠 Learning from successful enhancement...

✅ Pattern stored: pattern_1756771080833_lali1n5q4
⚠️ Enhancement below learning threshold: 0.8

🧠 Learning from successful enhancement...

✅ Pattern stored: pattern_1756771080836_6ze5biy7x
⚠️ Enhancement below learning threshold: 0.8
🧠 Learning from successful enhancement...

✅ Pattern stored: pattern_1756771080846_s552pb9c3
⚠️ Enhancement below learning threshold: 0.8

🧠 Learning from successful enhancement...

✅ Pattern stored: pattern_1756771080848_nddgo6he4
⚠️ Enhancement below learning threshold: 0.8

🧠 Learning from successful enhancement...

✅ Pattern stored: pattern_1756771080859_qymv62q5p
⚠️ Enhancement below learning threshold: 0.8

🧠 Learning from successful enhancement...

✅ Pattern stored: pattern_1756771080862_ulk5j4nm2
⚠️ Enhancement below learning threshold: 0.8

🧠 Learning from successful enhancement...

✅ Pattern stored: pattern_1756771080864_h64xyyaxd
⚠️ Enhancement below learning threshold: 0.8

🧠 Learning from successful enhancement...

✅ Pattern stored: pattern_1756771080866_vf08bl0yk
⚠️ Enhancement below learning threshold: 0.8

🧠 Learning from successful enhancement...

✅ Pattern stored: pattern_1756771080870_drzm5l5fa
⚠️ Enhancement below learning threshold: 0.8

🧠 Learning from successful enhancement...

✅ Pattern stored: pattern_1756771080875_794gsw8fx
⚠️ Enhancement below learning threshold: 0.8

🧠 Learning from successful enhancement...

✅ Pattern stored: pattern_1756771080879_4nr0p1rpw
⚠️ Enhancement below learning threshold: 0.8

🧠 Learning from successful enhancement...

✅ Pattern stored: pattern_1756771080881_4pti9q8de
⚠️ Enhancement below learning threshold: 0.8

🧠 Learning from successful enhancement...

✅ Pattern stored: pattern_1756771080883_votb4xhn7
⚠️ Enhancement below learning threshold: 0.8

🧠 Learning from successful enhancement...

✅ Pattern stored: pattern_1756771080886_ffrox2w9c
⚠️ Enhancement below learning threshold: 0.8

🧠 Learning from successful enhancement...

✅ Pattern stored: pattern_1756771080891_8i1g338eg
⚠️ Enhancement below learning threshold: 0.8

🧠 Learning from successful enhancement...

✅ Pattern stored: pattern_1756771080895_72pl8fsvu
⚠️ Enhancement below learning threshold: 0.8

🧠 Learning from successful enhancement...

✅ Pattern stored: pattern_1756771080897_u756xcei8
⚠️ Enhancement below learning threshold: 0.8
🧠 Learning from successful enhancement...

✅ Pattern stored: pattern_1756771080899_9a9jj9jyz
⚠️ Enhancement below learning threshold: 0.8

🧠 Learning from successful enhancement...

✅ Pattern stored: pattern_1756771080900_s9c8qw3up
⚠️ Enhancement below learning threshold: 0.8

🧠 Learning from successful enhancement...

✅ Pattern stored: pattern_1756771080903_rw1ypqktq
⚠️ Enhancement below learning threshold: 0.8

🧠 Learning from successful enhancement...

✅ Pattern stored: pattern_1756771080909_lbc4rac1n
⚠️ Enhancement below learning threshold: 0.8

🧠 Learning from successful enhancement...

✅ Pattern stored: pattern_1756771080913_ico8afd7g
⚠️ Enhancement below learning threshold: 0.8

🧠 Learning from successful enhancement...

✅ Pattern stored: pattern_1756771080915_dldc0o1pl
⚠️ Enhancement below learning threshold: 0.8

🧠 Learning from successful enhancement...

✅ Pattern stored: pattern_1756771080918_7fomndins
⚠️ Enhancement below learning threshold: 0.8

🧠 Learning from successful enhancement...

✅ Pattern stored: pattern_1756771080922_7w2zqj6cl
⚠️ Enhancement below learning threshold: 0.8

🧠 Learning from successful enhancement...

✅ Pattern stored: pattern_1756771080927_v671ibbby
⚠️ Enhancement below learning threshold: 0.8
🧠 Learning from successful enhancement...

✅ Pattern stored: pattern_1756771080930_bcvqtdefw
⚠️ Enhancement below learning threshold: 0.8
🧠 Learning from successful enhancement...

✅ Pattern stored: pattern_1756771080931_d3kva89jy
⚠️ Enhancement below learning threshold: 0.8
🧠 Learning from successful enhancement...

✅ Pattern stored: pattern_1756771080934_pj7sdzso4
⚠️ Enhancement below learning threshold: 0.8
🧠 Learning from successful enhancement...

✅ Pattern stored: pattern_1756771080936_e0jv0y15p
⚠️ Enhancement below learning threshold: 0.8

🧠 Learning from successful enhancement...

✅ Pattern stored: pattern_1756771080943_o859xqgl3
⚠️ Enhancement below learning threshold: 0.8
🧠 Learning from successful enhancement...

✅ Pattern stored: pattern_1756771080946_uicwpx2yd
⚠️ Enhancement below learning threshold: 0.8

🧠 Learning from successful enhancement...

✅ Pattern stored: pattern_1756771080947_91om3osut
⚠️ Enhancement below learning threshold: 0.8

🧠 Learning from successful enhancement...

✅ Pattern stored: pattern_1756771080949_amsybjvbb
⚠️ Enhancement below learning threshold: 0.8

🧠 Learning from successful enhancement...

✅ Pattern stored: pattern_1756771080951_71qcxkua0
⚠️ Enhancement below learning threshold: 0.8

🧠 Learning from successful enhancement...

✅ Pattern stored: pattern_1756771080955_czvxcpnet
⚠️ Enhancement below learning threshold: 0.8

🧠 Learning from successful enhancement...

✅ Pattern stored: pattern_1756771080960_a9j2s64dh
⚠️ Enhancement below learning threshold: 0.8

🧠 Learning from successful enhancement...

✅ Pattern stored: pattern_1756771080962_4jow43bcg
⚠️ Enhancement below learning threshold: 0.8

🧠 Learning from successful enhancement...

✅ Pattern stored: pattern_1756771080964_aksgn1su3
⚠️ Enhancement below learning threshold: 0.8

🧠 Learning from successful enhancement...

✅ Pattern stored: pattern_1756771080966_infv1ua43
⚠️ Enhancement below learning threshold: 0.8

🧠 Learning from successful enhancement...

✅ Pattern stored: pattern_1756771080970_viczyqjsw
⚠️ Enhancement below learning threshold: 0.8

🧠 Learning from successful enhancement...

✅ Pattern stored: pattern_1756771080975_odjeojaqw
⚠️ Enhancement below learning threshold: 0.8

🧠 Learning from successful enhancement...

✅ Pattern stored: pattern_1756771080978_lkcbrmn2g
⚠️ Enhancement below learning threshold: 0.8

🧠 Learning from successful enhancement...

✅ Pattern stored: pattern_1756771080981_1xjuid89g
⚠️ Enhancement below learning threshold: 0.8
🧠 Learning from successful enhancement...

✅ Pattern stored: pattern_1756771080983_grmtbr9dt
⚠️ Enhancement below learning threshold: 0.8
🧠 Learning from successful enhancement...

✅ Pattern stored: pattern_1756771080985_wdgupxj3j
⚠️ Enhancement below learning threshold: 0.8

🧠 Learning from successful enhancement...

✅ Pattern stored: pattern_1756771080989_91c1iidl4
⚠️ Enhancement below learning threshold: 0.8

🧠 Learning from successful enhancement...

✅ Pattern stored: pattern_1756771080993_wk3abwjdp
⚠️ Enhancement below learning threshold: 0.8

            </system-out>
        </testcase>
    </testsuite>
</testsuites>
